t # 0
v 0 2
v 1 2
v 2 6
v 3 6
v 4 8
e 0 1 2
e 0 4 3
e 1 2 2
e 2 3 2

Support: 12
where: [0, 1, 2, 5, 6, 7, 8, 10, 11, 12, 13, 15]
PDBS: ['3ZXS', '1u3d', '1u3c', '2J4D', '6LZ3', '4GU5', '6PTZ', '1np7', '5zm0', '6FN3', '6lz3', '4U63']

-----------------
t # 1
v 0 2
v 1 2
v 2 6
v 3 6
v 4 8
e 0 1 2
e 1 2 2
e 2 3 2
e 3 4 2

Support: 12
where: [2, 3, 4, 6, 7, 8, 9, 10, 12, 13, 14, 15]
PDBS: ['1u3c', '6PU0', '4I6G', '6LZ3', '4GU5', '6PTZ', '6FN2', '1np7', '6FN3', '6lz3', '1IQR', '4U63']

-----------------
t # 2
v 0 2
v 1 2
v 2 6
v 3 6
v 4 8
v 5 8
e 0 1 2
e 0 5 2
e 1 2 2
e 2 3 2
e 3 4 2

Support: 11
where: [2, 3, 4, 6, 7, 8, 9, 10, 12, 13, 14]
PDBS: ['1u3c', '6PU0', '4I6G', '6LZ3', '4GU5', '6PTZ', '6FN2', '1np7', '6FN3', '6lz3', '1IQR']

-----------------
t # 3
v 0 2
v 1 2
v 2 6
v 3 6
v 4 8
e 0 1 2
e 0 4 2
e 1 2 2
e 2 3 2

Support: 11
where: [2, 3, 4, 6, 7, 8, 9, 10, 12, 13, 14]
PDBS: ['1u3c', '6PU0', '4I6G', '6LZ3', '4GU5', '6PTZ', '6FN2', '1np7', '6FN3', '6lz3', '1IQR']

-----------------
t # 5
v 0 2
v 1 2
v 2 2
v 3 8
v 4 6
e 0 1 2
e 1 2 2
e 1 4 2
e 2 3 2

Support: 11
where: [2, 3, 4, 6, 7, 8, 9, 10, 12, 13, 14]
PDBS: ['1u3c', '6PU0', '4I6G', '6LZ3', '4GU5', '6PTZ', '6FN2', '1np7', '6FN3', '6lz3', '1IQR']

-----------------
t # 6
v 0 2
v 1 2
v 2 2
v 3 8
v 4 6
v 5 6
e 0 1 2
e 1 2 2
e 1 4 2
e 2 3 2
e 4 5 2

Support: 11
where: [2, 3, 4, 6, 7, 8, 9, 10, 12, 13, 14]
PDBS: ['1u3c', '6PU0', '4I6G', '6LZ3', '4GU5', '6PTZ', '6FN2', '1np7', '6FN3', '6lz3', '1IQR']

-----------------
t # 7
v 0 2
v 1 2
v 2 2
v 3 8
v 4 6
v 5 6
v 6 8
e 0 1 2
e 1 2 2
e 1 4 2
e 2 3 2
e 4 5 2
e 5 6 2

Support: 11
where: [2, 3, 4, 6, 7, 8, 9, 10, 12, 13, 14]
PDBS: ['1u3c', '6PU0', '4I6G', '6LZ3', '4GU5', '6PTZ', '6FN2', '1np7', '6FN3', '6lz3', '1IQR']

-----------------
t # 8
v 0 2
v 1 2
v 2 2
v 3 6
v 4 6
e 0 1 2
e 1 2 2
e 1 3 2
e 3 4 2

Support: 12
where: [2, 3, 4, 6, 7, 8, 9, 10, 12, 13, 14, 15]
PDBS: ['1u3c', '6PU0', '4I6G', '6LZ3', '4GU5', '6PTZ', '6FN2', '1np7', '6FN3', '6lz3', '1IQR', '4U63']

-----------------
t # 9
v 0 2
v 1 2
v 2 2
v 3 6
v 4 6
v 5 8
e 0 1 2
e 1 2 2
e 1 3 2
e 3 4 2
e 4 5 2

Support: 12
where: [2, 3, 4, 6, 7, 8, 9, 10, 12, 13, 14, 15]
PDBS: ['1u3c', '6PU0', '4I6G', '6LZ3', '4GU5', '6PTZ', '6FN2', '1np7', '6FN3', '6lz3', '1IQR', '4U63']

-----------------
t # 10
v 0 2
v 1 6
v 2 6
v 3 8
v 4 8
e 0 1 2
e 1 2 2
e 2 3 2
e 3 4 2

Support: 10
where: [2, 3, 7, 8, 9, 10, 12, 13, 15, 16]
PDBS: ['1u3c', '6PU0', '4GU5', '6PTZ', '6FN2', '1np7', '6FN3', '6lz3', '4U63', '6KII']

-----------------
Count:10